
> futpools-backend@1.0.0 dev
> nodemon src/server.js

[33m[nodemon] 3.1.11[39m
[33m[nodemon] to restart at any time, enter `rs`[39m
[33m[nodemon] watching path(s): *.*[39m
[33m[nodemon] watching extensions: js,mjs,cjs,json[39m
[32m[nodemon] starting `node src/server.js`[39m
[DailyPick] scheduler started (1-minute tick)
Server running on port 3000
MongoDB connected
[poolPayment] free entry ($0 pool) — pool=6a2877638fa20e1e5c5fb1ae user=6a03c529ac28ff93f897c00b entry=6a289ac0e91b5ec9be0b7825
[poolPayment] admin free entry (spei path) — pool=6a2877638fa20e1e5c5fb1ae user=69e833d4497af8109ea3fed9 entry=6a289ad9e91b5ec9be0b785b
[DailyPick] settled 6a28a91587156b9a7432ef7d (2026-06-10, 2); awarded 0 bonuses
[32m[nodemon] restarting due to changes...[39m
[32m[nodemon] starting `node src/server.js`[39m
[DailyPick] scheduler started (1-minute tick)
Server running on port 3000
MongoDB connected
[32m[nodemon] restarting due to changes...[39m
[32m[nodemon] starting `node src/server.js`[39m
[DailyPick] scheduler started (1-minute tick)
Server running on port 3000
MongoDB connected
[32m[nodemon] restarting due to changes...[39m
[32m[nodemon] starting `node src/server.js`[39m
[DailyPick] scheduler started (1-minute tick)
Server running on port 3000
MongoDB connected
[32m[nodemon] restarting due to changes...[39m
[32m[nodemon] starting `node src/server.js`[39m
[DailyPick] scheduler started (1-minute tick)
Server running on port 3000
MongoDB connected
[32m[nodemon] restarting due to changes...[39m
[32m[nodemon] starting `node src/server.js`[39m
[DailyPick] scheduler started (1-minute tick)
Server running on port 3000
MongoDB connected
[32m[nodemon] restarting due to changes...[39m
[32m[nodemon] starting `node src/server.js`[39m
[DailyPick] scheduler started (1-minute tick)
Server running on port 3000
MongoDB connected
